<?xml version="1.0" encoding="UTF-8"?>
<TestRun id="b30b7252-1f70-464e-81a7-b00315f5183b" name="Miroslav@ASUS-N55SF 2012-09-11 20:48:04" runUser="ASUS-N55SF\Miroslav" xmlns="http://microsoft.com/schemas/VisualStudio/TeamTest/2010">
  <TestSettings name="Default Test Settings" id="67066a6f-f3b7-4f4d-9d9a-b0e887416590">
    <Deployment runDeploymentRoot="Miroslav_ASUS-N55SF 2012-09-11 20_48_04">
      <DeploymentItem filename="C:\Users\Miroslav\Documents\Visual Studio 2010\Projects\Rozo.Net\packages\Microsoft.AspNet.WebPages.2.0.20710.0\lib\net40\System.Web.WebPages.Deployment.dll" />
      <DeploymentItem filename="C:\Users\Miroslav\Documents\Visual Studio 2010\Projects\Rozo.Net\packages\Microsoft.AspNet.WebPages.2.0.20710.0\lib\net40\System.Web.WebPages.dll" />
      <DeploymentItem filename="C:\Users\Miroslav\Documents\Visual Studio 2010\Projects\Rozo.Net\packages\Microsoft.AspNet.WebPages.2.0.20710.0\lib\net40\System.Web.WebPages.Razor.dll" />
      <DeploymentItem filename="C:\Users\Miroslav\Documents\Visual Studio 2010\Projects\Rozo.Net\Rozo.Web\bin\Rozo.Web.dll" />
      <DeploymentItem filename="C:\Users\Miroslav\Documents\Visual Studio 2010\Projects\Rozo.Net\packages\Newtonsoft.Json.4.5.6\lib\net40\Newtonsoft.Json.dll" />
      <DeploymentItem filename="C:\Users\Miroslav\Documents\Visual Studio 2010\Projects\Rozo.Net\packages\Microsoft.Web.Infrastructure.1.0.0.0\lib\net40\Microsoft.Web.Infrastructure.dll" />
      <DeploymentItem filename="C:\Users\Miroslav\Documents\Visual Studio 2010\Projects\Rozo.Net\packages\Microsoft.AspNet.Mvc.4.0.20710.0\lib\net40\System.Web.Mvc.dll" />
      <DeploymentItem filename="C:\Users\Miroslav\Documents\Visual Studio 2010\Projects\Rozo.Net\packages\Microsoft.Net.Http.2.0.20710.0\lib\net40\System.Net.Http.WebRequest.dll" />
      <DeploymentItem filename="C:\Users\Miroslav\Documents\Visual Studio 2010\Projects\Rozo.Net\packages\Microsoft.AspNet.WebPages.2.0.20710.0\lib\net40\System.Web.Helpers.dll" />
      <DeploymentItem filename="C:\Users\Miroslav\Documents\Visual Studio 2010\Projects\Rozo.Net\Rozo.Model\bin\Debug\Rozo.Model.dll" />
      <DeploymentItem filename="C:\Users\Miroslav\Documents\Visual Studio 2010\Projects\Rozo.Net\Rozo.Db\bin\Debug\Rozo.Db.dll" />
      <DeploymentItem filename="C:\Users\Miroslav\Documents\Visual Studio 2010\Projects\Rozo.Net\packages\Microsoft.AspNet.WebApi.Client.4.0.20710.0\lib\net40\System.Net.Http.Formatting.dll" />
      <DeploymentItem filename="C:\Users\Miroslav\Documents\Visual Studio 2010\Projects\Rozo.Net\packages\Microsoft.AspNet.WebApi.WebHost.4.0.20710.0\lib\net40\System.Web.Http.WebHost.dll" />
      <DeploymentItem filename="C:\Users\Miroslav\Documents\Visual Studio 2010\Projects\Rozo.Net\packages\Microsoft.Net.Http.2.0.20710.0\lib\net40\System.Net.Http.dll" />
      <DeploymentItem filename="C:\Users\Miroslav\Documents\Visual Studio 2010\Projects\Rozo.Net\packages\Microsoft.AspNet.Razor.2.0.20710.0\lib\net40\System.Web.Razor.dll" />
      <DeploymentItem filename="C:\Users\Miroslav\Documents\Visual Studio 2010\Projects\Rozo.Net\Utility\bin\Debug\Utility.dll" />
      <DeploymentItem filename="C:\Users\Miroslav\Documents\Visual Studio 2010\Projects\Rozo.Net\packages\Microsoft.AspNet.WebApi.Core.4.0.20710.0\lib\net40\System.Web.Http.dll" />
    </Deployment>
    <Execution>
      <TestTypeSpecific />
      <AgentRule name="Execution Agents">
      </AgentRule>
    </Execution>
  </TestSettings>
  <Times creation="2012-09-11T20:48:04.8617831+02:00" queuing="2012-09-11T20:48:14.5143352+02:00" start="2012-09-11T20:48:14.8663554+02:00" finish="2012-09-11T20:48:15.9454171+02:00" />
  <ResultSummary outcome="Completed">
    <Counters total="1" executed="1" passed="1" error="0" failed="0" timeout="0" aborted="0" inconclusive="0" passedButRunAborted="0" notRunnable="0" notExecuted="0" disconnected="0" warning="0" completed="0" inProgress="0" pending="0" />
  </ResultSummary>
  <TestDefinitions>
    <UnitTest name="Get" storage="c:\users\miroslav\documents\visual studio 2010\projects\rozo.net\rozo.web.tests\bin\debug\rozo.web.tests.dll" id="bd73c09e-2477-8a8f-70a6-58d4aa12f009">
      <Execution id="2903fbf9-58a1-4785-be0b-39d2e5f6ea34" />
      <TestMethod codeBase="C:/Users/Miroslav/Documents/Visual Studio 2010/Projects/Rozo.Net/Rozo.Web.Tests/bin/Debug/Rozo.Web.Tests.DLL" adapterTypeName="Microsoft.VisualStudio.TestTools.TestTypes.Unit.UnitTestAdapter, Microsoft.VisualStudio.QualityTools.Tips.UnitTest.Adapter, Version=10.0.0.0, Culture=neutral, PublicKeyToken=b03f5f7f11d50a3a" className="Rozo.Web.Tests.Controllers.QuestionControllerTest, Rozo.Web.Tests, Version=1.0.0.0, Culture=neutral, PublicKeyToken=null" name="Get" />
    </UnitTest>
  </TestDefinitions>
  <TestLists>
    <TestList name="Results Not in a List" id="8c84fa94-04c1-424b-9868-57a2d4851a1d" />
    <TestList name="All Loaded Results" id="19431567-8539-422a-85d7-44ee4e166bda" />
  </TestLists>
  <TestEntries>
    <TestEntry testId="bd73c09e-2477-8a8f-70a6-58d4aa12f009" executionId="2903fbf9-58a1-4785-be0b-39d2e5f6ea34" testListId="8c84fa94-04c1-424b-9868-57a2d4851a1d" />
  </TestEntries>
  <Results>
    <UnitTestResult executionId="2903fbf9-58a1-4785-be0b-39d2e5f6ea34" testId="bd73c09e-2477-8a8f-70a6-58d4aa12f009" testName="Get" computerName="ASUS-N55SF" duration="00:00:00.1094629" startTime="2012-09-11T20:48:14.9553605+02:00" endTime="2012-09-11T20:48:15.9104151+02:00" testType="13cdc9d9-ddb5-4fa4-a97d-d965ccfc6d4b" outcome="Passed" testListId="8c84fa94-04c1-424b-9868-57a2d4851a1d" relativeResultsDirectory="2903fbf9-58a1-4785-be0b-39d2e5f6ea34">
    </UnitTestResult>
  </Results>
</TestRun>